\BOOKMARK [0][-]{chapter.1}{\376\377\000W\000y\000s\000z\000u\000k\000i\000w\000a\000n\000i\000e\000\040\000z\000n\000a\000j\000o\000m\000o\001\133\000c\000i}{}% 1
\BOOKMARK [1][-]{section.1.1}{\376\377\000N\000a\000j\000w\000a\001\174\000n\000i\000e\000j\000s\000z\000e\000\040\000c\000e\000c\000h\000y}{chapter.1}% 2
\BOOKMARK [1][-]{section.1.2}{\376\377\000O\000p\000i\000s\000\040\000a\000l\000g\000o\000r\000y\000t\000m\000u}{chapter.1}% 3
\BOOKMARK [0][-]{chapter.2}{\376\377\000C\000l\000a\000s\000s\000\040\000I\000n\000d\000e\000x}{}% 4
\BOOKMARK [1][-]{section.2.1}{\376\377\000C\000l\000a\000s\000s\000\040\000L\000i\000s\000t}{chapter.2}% 5
\BOOKMARK [0][-]{chapter.3}{\376\377\000F\000i\000l\000e\000\040\000I\000n\000d\000e\000x}{}% 6
\BOOKMARK [1][-]{section.3.1}{\376\377\000F\000i\000l\000e\000\040\000L\000i\000s\000t}{chapter.3}% 7
\BOOKMARK [0][-]{chapter.4}{\376\377\000C\000l\000a\000s\000s\000\040\000D\000o\000c\000u\000m\000e\000n\000t\000a\000t\000i\000o\000n}{}% 8
\BOOKMARK [1][-]{section.4.1}{\376\377\000G\000r\000a\000f\000\040\000C\000l\000a\000s\000s\000\040\000R\000e\000f\000e\000r\000e\000n\000c\000e}{chapter.4}% 9
\BOOKMARK [2][-]{subsection.4.1.1}{\376\377\000D\000e\000t\000a\000i\000l\000e\000d\000\040\000D\000e\000s\000c\000r\000i\000p\000t\000i\000o\000n}{section.4.1}% 10
\BOOKMARK [2][-]{subsection.4.1.2}{\376\377\000C\000o\000n\000s\000t\000r\000u\000c\000t\000o\000r\000\040\000\046\000\040\000D\000e\000s\000t\000r\000u\000c\000t\000o\000r\000\040\000D\000o\000c\000u\000m\000e\000n\000t\000a\000t\000i\000o\000n}{section.4.1}% 11
\BOOKMARK [3][-]{subsubsection.4.1.2.1}{\376\377\000G\000r\000a\000f}{subsection.4.1.2}% 12
\BOOKMARK [3][-]{subsubsection.4.1.2.2}{\376\377\000G\000r\000a\000f}{subsection.4.1.2}% 13
\BOOKMARK [2][-]{subsection.4.1.3}{\376\377\000M\000e\000m\000b\000e\000r\000\040\000F\000u\000n\000c\000t\000i\000o\000n\000\040\000D\000o\000c\000u\000m\000e\000n\000t\000a\000t\000i\000o\000n}{section.4.1}% 14
\BOOKMARK [3][-]{subsubsection.4.1.3.1}{\376\377\000c\000z\000y\000\137\000b\000y\000l\000o}{subsection.4.1.3}% 15
\BOOKMARK [3][-]{subsubsection.4.1.3.2}{\376\377\000c\000z\000y\000\137\000p\000o\000p\000r\000a\000w\000n\000e}{subsection.4.1.3}% 16
\BOOKMARK [3][-]{subsubsection.4.1.3.3}{\376\377\000c\000z\000y\000\137\000s\000p\000o\000j\000n\000y}{subsection.4.1.3}% 17
\BOOKMARK [3][-]{subsubsection.4.1.3.4}{\376\377\000d\000i\000j\000k\000s\000t\000r\000y}{subsection.4.1.3}% 18
\BOOKMARK [3][-]{subsubsection.4.1.3.5}{\376\377\000d\000o\000m\000y\000s\000l\000n\000y\000\137\000p\000l\000i\000k}{subsection.4.1.3}% 19
\BOOKMARK [3][-]{subsubsection.4.1.3.6}{\376\377\000d\000o\000w\000o\000l\000n\000y\000\137\000p\000l\000i\000k}{subsection.4.1.3}% 20
\BOOKMARK [3][-]{subsubsection.4.1.3.7}{\376\377\000g\000e\000n\000e\000r\000u\000j\000\137\000l\000i\000s\000t\000e}{subsection.4.1.3}% 21
\BOOKMARK [3][-]{subsubsection.4.1.3.8}{\376\377\000l\000o\000s\000o\000w\000e\000\137\000d\000i\000j\000k\000s\000t\000r\000y}{subsection.4.1.3}% 22
\BOOKMARK [3][-]{subsubsection.4.1.3.9}{\376\377\000p\000r\000z\000e\000r\000o\000b\000\137\000z\000\137\000f\000b}{subsection.4.1.3}% 23
\BOOKMARK [3][-]{subsubsection.4.1.3.10}{\376\377\000p\000r\000z\000y\000p\000i\000s\000z\000\137\000i\000n\000d\000e\000k\000s}{subsection.4.1.3}% 24
\BOOKMARK [3][-]{subsubsection.4.1.3.11}{\376\377\000s\000t\000w\000o\000r\000z\000\137\000l\000i\000s\000t\000e\000\137\000z\000\137\000p\000l\000i\000k\000u}{subsection.4.1.3}% 25
\BOOKMARK [3][-]{subsubsection.4.1.3.12}{\376\377\000s\000t\000w\000o\000r\000z\000\137\000w\000i\000e\000r\000z\000c\000h\000o\000l\000k\000i}{subsection.4.1.3}% 26
\BOOKMARK [3][-]{subsubsection.4.1.3.13}{\376\377\000t\000e\000s\000t\000o\000w\000y\000\137\000p\000l\000i\000k}{subsection.4.1.3}% 27
\BOOKMARK [3][-]{subsubsection.4.1.3.14}{\376\377\000w\000y\000s\000w\000i\000e\000t\000l}{subsection.4.1.3}% 28
\BOOKMARK [2][-]{subsection.4.1.4}{\376\377\000M\000e\000m\000b\000e\000r\000\040\000D\000a\000t\000a\000\040\000D\000o\000c\000u\000m\000e\000n\000t\000a\000t\000i\000o\000n}{section.4.1}% 29
\BOOKMARK [3][-]{subsubsection.4.1.4.1}{\376\377\000E}{subsection.4.1.4}% 30
\BOOKMARK [3][-]{subsubsection.4.1.4.2}{\376\377\000l\000i\000s\000t\000a\000\137\000s\000a\000s\000i\000a\000d\000u\000j\000a\000c\000a}{subsection.4.1.4}% 31
\BOOKMARK [3][-]{subsubsection.4.1.4.3}{\376\377\000V}{subsection.4.1.4}% 32
\BOOKMARK [3][-]{subsubsection.4.1.4.4}{\376\377\000w\000i\000e\000r\000z\000c\000h\000o\000l\000k\000i}{subsection.4.1.4}% 33
\BOOKMARK [1][-]{section.4.2}{\376\377\000p\000o\000r\000\040\000S\000t\000r\000u\000c\000t\000\040\000R\000e\000f\000e\000r\000e\000n\000c\000e}{chapter.4}% 34
\BOOKMARK [2][-]{subsection.4.2.1}{\376\377\000D\000e\000t\000a\000i\000l\000e\000d\000\040\000D\000e\000s\000c\000r\000i\000p\000t\000i\000o\000n}{section.4.2}% 35
\BOOKMARK [2][-]{subsection.4.2.2}{\376\377\000M\000e\000m\000b\000e\000r\000\040\000F\000u\000n\000c\000t\000i\000o\000n\000\040\000D\000o\000c\000u\000m\000e\000n\000t\000a\000t\000i\000o\000n}{section.4.2}% 36
\BOOKMARK [3][-]{subsubsection.4.2.2.1}{\376\377\000o\000p\000e\000r\000a\000t\000o\000r\000\050\000\051}{subsection.4.2.2}% 37
\BOOKMARK [1][-]{section.4.3}{\376\377\000W\000e\000z\000e\000l\000\040\000S\000t\000r\000u\000c\000t\000\040\000R\000e\000f\000e\000r\000e\000n\000c\000e}{chapter.4}% 38
\BOOKMARK [2][-]{subsection.4.3.1}{\376\377\000D\000e\000t\000a\000i\000l\000e\000d\000\040\000D\000e\000s\000c\000r\000i\000p\000t\000i\000o\000n}{section.4.3}% 39
\BOOKMARK [2][-]{subsection.4.3.2}{\376\377\000M\000e\000m\000b\000e\000r\000\040\000D\000a\000t\000a\000\040\000D\000o\000c\000u\000m\000e\000n\000t\000a\000t\000i\000o\000n}{section.4.3}% 40
\BOOKMARK [3][-]{subsubsection.4.3.2.1}{\376\377\000g}{subsection.4.3.2}% 41
\BOOKMARK [3][-]{subsubsection.4.3.2.2}{\376\377\000n\000r}{subsection.4.3.2}% 42
\BOOKMARK [1][-]{section.4.4}{\376\377\000W\000i\000e\000r\000z\000c\000h\000o\000l\000e\000k\000\040\000C\000l\000a\000s\000s\000\040\000R\000e\000f\000e\000r\000e\000n\000c\000e}{chapter.4}% 43
\BOOKMARK [2][-]{subsection.4.4.1}{\376\377\000D\000e\000t\000a\000i\000l\000e\000d\000\040\000D\000e\000s\000c\000r\000i\000p\000t\000i\000o\000n}{section.4.4}% 44
\BOOKMARK [2][-]{subsection.4.4.2}{\376\377\000C\000o\000n\000s\000t\000r\000u\000c\000t\000o\000r\000\040\000\046\000\040\000D\000e\000s\000t\000r\000u\000c\000t\000o\000r\000\040\000D\000o\000c\000u\000m\000e\000n\000t\000a\000t\000i\000o\000n}{section.4.4}% 45
\BOOKMARK [3][-]{subsubsection.4.4.2.1}{\376\377\000W\000i\000e\000r\000z\000c\000h\000o\000l\000e\000k}{subsection.4.4.2}% 46
\BOOKMARK [2][-]{subsection.4.4.3}{\376\377\000M\000e\000m\000b\000e\000r\000\040\000F\000u\000n\000c\000t\000i\000o\000n\000\040\000D\000o\000c\000u\000m\000e\000n\000t\000a\000t\000i\000o\000n}{section.4.4}% 47
\BOOKMARK [3][-]{subsubsection.4.4.3.1}{\376\377\000o\000p\000e\000r\000a\000t\000o\000r\000=}{subsection.4.4.3}% 48
\BOOKMARK [2][-]{subsection.4.4.4}{\376\377\000M\000e\000m\000b\000e\000r\000\040\000D\000a\000t\000a\000\040\000D\000o\000c\000u\000m\000e\000n\000t\000a\000t\000i\000o\000n}{section.4.4}% 49
\BOOKMARK [3][-]{subsubsection.4.4.4.1}{\376\377\000s\000a\000s\000i\000a\000d}{subsection.4.4.4}% 50
\BOOKMARK [3][-]{subsubsection.4.4.4.2}{\376\377\000w\000a\000g\000a}{subsection.4.4.4}% 51
\BOOKMARK [0][-]{chapter.5}{\376\377\000F\000i\000l\000e\000\040\000D\000o\000c\000u\000m\000e\000n\000t\000a\000t\000i\000o\000n}{}% 52
\BOOKMARK [1][-]{section.5.1}{\376\377\000/\000h\000o\000m\000e\000/\000p\000a\000w\000e\000l\000/\000D\000o\000k\000u\000m\000e\000n\000t\000y\000/\000p\000r\000o\000g\000r\000a\000m\000o\000w\000a\000n\000i\000e\000/\000p\000a\000m\000s\000i\000/\000p\000r\000o\000j\000e\000k\000t\000\137\000z\000n\000a\000j\000o\000m\000i\000/\000p\000r\000j\000/\000d\000o\000c\000/\000p\000a\000g\000e\000s\000/\000s\000t\000r\000o\000n\000a\000.\000d\000o\000x\000\040\000F\000i\000l\000e\000\040\000R\000e\000f\000e\000r\000e\000n\000c\000e}{chapter.5}% 53
\BOOKMARK [1][-]{section.5.2}{\376\377\000/\000h\000o\000m\000e\000/\000p\000a\000w\000e\000l\000/\000D\000o\000k\000u\000m\000e\000n\000t\000y\000/\000p\000r\000o\000g\000r\000a\000m\000o\000w\000a\000n\000i\000e\000/\000p\000a\000m\000s\000i\000/\000p\000r\000o\000j\000e\000k\000t\000\137\000z\000n\000a\000j\000o\000m\000i\000/\000p\000r\000j\000/\000i\000n\000c\000/\000D\000i\000j\000k\000s\000t\000r\000y\000.\000h\000h\000\040\000F\000i\000l\000e\000\040\000R\000e\000f\000e\000r\000e\000n\000c\000e}{chapter.5}% 54
\BOOKMARK [2][-]{subsection.5.2.1}{\376\377\000D\000e\000t\000a\000i\000l\000e\000d\000\040\000D\000e\000s\000c\000r\000i\000p\000t\000i\000o\000n}{section.5.2}% 55
\BOOKMARK [1][-]{section.5.3}{\376\377\000/\000h\000o\000m\000e\000/\000p\000a\000w\000e\000l\000/\000D\000o\000k\000u\000m\000e\000n\000t\000y\000/\000p\000r\000o\000g\000r\000a\000m\000o\000w\000a\000n\000i\000e\000/\000p\000a\000m\000s\000i\000/\000p\000r\000o\000j\000e\000k\000t\000\137\000z\000n\000a\000j\000o\000m\000i\000/\000p\000r\000j\000/\000s\000r\000c\000/\000D\000i\000j\000k\000s\000t\000r\000y\000.\000c\000p\000p\000\040\000F\000i\000l\000e\000\040\000R\000e\000f\000e\000r\000e\000n\000c\000e}{chapter.5}% 56
\BOOKMARK [2][-]{subsection.5.3.1}{\376\377\000D\000e\000t\000a\000i\000l\000e\000d\000\040\000D\000e\000s\000c\000r\000i\000p\000t\000i\000o\000n}{section.5.3}% 57
\BOOKMARK [1][-]{section.5.4}{\376\377\000/\000h\000o\000m\000e\000/\000p\000a\000w\000e\000l\000/\000D\000o\000k\000u\000m\000e\000n\000t\000y\000/\000p\000r\000o\000g\000r\000a\000m\000o\000w\000a\000n\000i\000e\000/\000p\000a\000m\000s\000i\000/\000p\000r\000o\000j\000e\000k\000t\000\137\000z\000n\000a\000j\000o\000m\000i\000/\000p\000r\000j\000/\000s\000r\000c\000/\000m\000a\000i\000n\000.\000c\000p\000p\000\040\000F\000i\000l\000e\000\040\000R\000e\000f\000e\000r\000e\000n\000c\000e}{chapter.5}% 58
\BOOKMARK [2][-]{subsection.5.4.1}{\376\377\000D\000e\000t\000a\000i\000l\000e\000d\000\040\000D\000e\000s\000c\000r\000i\000p\000t\000i\000o\000n}{section.5.4}% 59
\BOOKMARK [2][-]{subsection.5.4.2}{\376\377\000F\000u\000n\000c\000t\000i\000o\000n\000\040\000D\000o\000c\000u\000m\000e\000n\000t\000a\000t\000i\000o\000n}{section.5.4}% 60
\BOOKMARK [3][-]{subsubsection.5.4.2.1}{\376\377\000m\000a\000i\000n}{subsection.5.4.2}% 61
\BOOKMARK [0][-]{section*.10}{\376\377\000I\000n\000d\000e\000x}{}% 62
