\BOOKMARK [0][-]{chapter.1}{\376\377\000B\000e\000n\000c\000h\000m\000a\000r\000k}{}% 1
\BOOKMARK [1][-]{section.1.1}{\376\377\000N\000a\000j\000w\000a\001\174\000n\000i\000e\000j\000s\000z\000e\000\040\000c\000e\000c\000h\000y}{chapter.1}% 2
\BOOKMARK [1][-]{section.1.2}{\376\377\000O\000p\000i\000s\000\040\000a\000l\000g\000o\000r\000y\000t\000m\000u}{chapter.1}% 3
\BOOKMARK [0][-]{chapter.2}{\376\377\000C\000l\000a\000s\000s\000\040\000I\000n\000d\000e\000x}{}% 4
\BOOKMARK [1][-]{section.2.1}{\376\377\000C\000l\000a\000s\000s\000\040\000L\000i\000s\000t}{chapter.2}% 5
\BOOKMARK [0][-]{chapter.3}{\376\377\000F\000i\000l\000e\000\040\000I\000n\000d\000e\000x}{}% 6
\BOOKMARK [1][-]{section.3.1}{\376\377\000F\000i\000l\000e\000\040\000L\000i\000s\000t}{chapter.3}% 7
\BOOKMARK [0][-]{chapter.4}{\376\377\000C\000l\000a\000s\000s\000\040\000D\000o\000c\000u\000m\000e\000n\000t\000a\000t\000i\000o\000n}{}% 8
\BOOKMARK [1][-]{section.4.1}{\376\377\000b\000e\000n\000c\000h\000m\000a\000r\000k\000\040\000C\000l\000a\000s\000s\000\040\000R\000e\000f\000e\000r\000e\000n\000c\000e}{chapter.4}% 9
\BOOKMARK [2][-]{subsection.4.1.1}{\376\377\000D\000e\000t\000a\000i\000l\000e\000d\000\040\000D\000e\000s\000c\000r\000i\000p\000t\000i\000o\000n}{section.4.1}% 10
\BOOKMARK [2][-]{subsection.4.1.2}{\376\377\000C\000o\000n\000s\000t\000r\000u\000c\000t\000o\000r\000\040\000\046\000\040\000D\000e\000s\000t\000r\000u\000c\000t\000o\000r\000\040\000D\000o\000c\000u\000m\000e\000n\000t\000a\000t\000i\000o\000n}{section.4.1}% 11
\BOOKMARK [3][-]{subsubsection.4.1.2.1}{\376\377\000b\000e\000n\000c\000h\000m\000a\000r\000k}{subsection.4.1.2}% 12
\BOOKMARK [2][-]{subsection.4.1.3}{\376\377\000M\000e\000m\000b\000e\000r\000\040\000F\000u\000n\000c\000t\000i\000o\000n\000\040\000D\000o\000c\000u\000m\000e\000n\000t\000a\000t\000i\000o\000n}{section.4.1}% 13
\BOOKMARK [3][-]{subsubsection.4.1.3.1}{\376\377\000c\000z\000a\000s\000\137\000s\000t\000a\000r\000t}{subsection.4.1.3}% 14
\BOOKMARK [3][-]{subsubsection.4.1.3.2}{\376\377\000c\000z\000a\000s\000\137\000s\000t\000o\000p}{subsection.4.1.3}% 15
\BOOKMARK [3][-]{subsubsection.4.1.3.3}{\376\377\000i\000l\000e\000\137\000c\000z\000a\000s\000u}{subsection.4.1.3}% 16
\BOOKMARK [3][-]{subsubsection.4.1.3.4}{\376\377\000w\000y\000k\000o\000n\000a\000j\000\137\000a\000l\000g\000o\000r\000y\000t\000n}{subsection.4.1.3}% 17
\BOOKMARK [2][-]{subsection.4.1.4}{\376\377\000M\000e\000m\000b\000e\000r\000\040\000D\000a\000t\000a\000\040\000D\000o\000c\000u\000m\000e\000n\000t\000a\000t\000i\000o\000n}{section.4.1}% 18
\BOOKMARK [3][-]{subsubsection.4.1.4.1}{\376\377\000c\000z\000a\000s}{subsection.4.1.4}% 19
\BOOKMARK [3][-]{subsubsection.4.1.4.2}{\376\377\000e\000l\000a\000p\000s\000e\000d\000T\000i\000m\000e}{subsection.4.1.4}% 20
\BOOKMARK [3][-]{subsubsection.4.1.4.3}{\376\377\000t\0001}{subsection.4.1.4}% 21
\BOOKMARK [3][-]{subsubsection.4.1.4.4}{\376\377\000t\0002}{subsection.4.1.4}% 22
\BOOKMARK [1][-]{section.4.2}{\376\377\000e\000l\000e\000m\000e\000n\000t\000\040\000C\000l\000a\000s\000s\000\040\000R\000e\000f\000e\000r\000e\000n\000c\000e}{chapter.4}% 23
\BOOKMARK [2][-]{subsection.4.2.1}{\376\377\000D\000e\000t\000a\000i\000l\000e\000d\000\040\000D\000e\000s\000c\000r\000i\000p\000t\000i\000o\000n}{section.4.2}% 24
\BOOKMARK [2][-]{subsection.4.2.2}{\376\377\000M\000e\000m\000b\000e\000r\000\040\000D\000a\000t\000a\000\040\000D\000o\000c\000u\000m\000e\000n\000t\000a\000t\000i\000o\000n}{section.4.2}% 25
\BOOKMARK [3][-]{subsubsection.4.2.2.1}{\376\377\000k\000l\000u\000c\000z}{subsection.4.2.2}% 26
\BOOKMARK [3][-]{subsubsection.4.2.2.2}{\376\377\000n\000a\000s\000t\000e\000p\000n\000y}{subsection.4.2.2}% 27
\BOOKMARK [1][-]{section.4.3}{\376\377\000e\000l\000e\000m\000e\000n\000t\000k\000\040\000C\000l\000a\000s\000s\000\040\000R\000e\000f\000e\000r\000e\000n\000c\000e}{chapter.4}% 28
\BOOKMARK [2][-]{subsection.4.3.1}{\376\377\000D\000e\000t\000a\000i\000l\000e\000d\000\040\000D\000e\000s\000c\000r\000i\000p\000t\000i\000o\000n}{section.4.3}% 29
\BOOKMARK [2][-]{subsection.4.3.2}{\376\377\000M\000e\000m\000b\000e\000r\000\040\000D\000a\000t\000a\000\040\000D\000o\000c\000u\000m\000e\000n\000t\000a\000t\000i\000o\000n}{section.4.3}% 30
\BOOKMARK [3][-]{subsubsection.4.3.2.1}{\376\377\000k\000l\000u\000c\000z}{subsection.4.3.2}% 31
\BOOKMARK [3][-]{subsubsection.4.3.2.2}{\376\377\000n\000a\000s\000t\000e\000p\000n\000y}{subsection.4.3.2}% 32
\BOOKMARK [1][-]{section.4.4}{\376\377\000k\000o\000l\000e\000j\000k\000a\000\137\000l\000i\000s\000t\000a\000\040\000C\000l\000a\000s\000s\000\040\000R\000e\000f\000e\000r\000e\000n\000c\000e}{chapter.4}% 33
\BOOKMARK [2][-]{subsection.4.4.1}{\376\377\000D\000e\000t\000a\000i\000l\000e\000d\000\040\000D\000e\000s\000c\000r\000i\000p\000t\000i\000o\000n}{section.4.4}% 34
\BOOKMARK [2][-]{subsection.4.4.2}{\376\377\000C\000o\000n\000s\000t\000r\000u\000c\000t\000o\000r\000\040\000\046\000\040\000D\000e\000s\000t\000r\000u\000c\000t\000o\000r\000\040\000D\000o\000c\000u\000m\000e\000n\000t\000a\000t\000i\000o\000n}{section.4.4}% 35
\BOOKMARK [3][-]{subsubsection.4.4.2.1}{\376\377\000k\000o\000l\000e\000j\000k\000a\000\137\000l\000i\000s\000t\000a}{subsection.4.4.2}% 36
\BOOKMARK [3][-]{subsubsection.4.4.2.2}{\376\377\000k\000o\000l\000e\000j\000k\000a\000\137\000l\000i\000s\000t\000a}{subsection.4.4.2}% 37
\BOOKMARK [2][-]{subsection.4.4.3}{\376\377\000M\000e\000m\000b\000e\000r\000\040\000F\000u\000n\000c\000t\000i\000o\000n\000\040\000D\000o\000c\000u\000m\000e\000n\000t\000a\000t\000i\000o\000n}{section.4.4}% 38
\BOOKMARK [3][-]{subsubsection.4.4.3.1}{\376\377\000d\000o\000d\000a\000j\000\137\000e\000l\000e\000m\000e\000n\000t}{subsection.4.4.3}% 39
\BOOKMARK [3][-]{subsubsection.4.4.3.2}{\376\377\000i\000s\000e\000m\000p\000t\000y}{subsection.4.4.3}% 40
\BOOKMARK [3][-]{subsubsection.4.4.3.3}{\376\377\000p\000o\000k\000a\000z\000\137\000e\000l\000e\000m\000e\000n\000t\000y}{subsection.4.4.3}% 41
\BOOKMARK [3][-]{subsubsection.4.4.3.4}{\376\377\000p\000o\000p}{subsection.4.4.3}% 42
\BOOKMARK [3][-]{subsubsection.4.4.3.5}{\376\377\000p\000u\000s\000h}{subsection.4.4.3}% 43
\BOOKMARK [3][-]{subsubsection.4.4.3.6}{\376\377\000s\000i\000z\000e}{subsection.4.4.3}% 44
\BOOKMARK [3][-]{subsubsection.4.4.3.7}{\376\377\000w\000c\000z\000y\000t\000a\000j\000\137\000d\000a\000n\000e}{subsection.4.4.3}% 45
\BOOKMARK [3][-]{subsubsection.4.4.3.8}{\376\377\000w\000c\000z\000y\000t\000a\000j\000\137\000d\000a\000n\000e}{subsection.4.4.3}% 46
\BOOKMARK [2][-]{subsection.4.4.4}{\376\377\000M\000e\000m\000b\000e\000r\000\040\000D\000a\000t\000a\000\040\000D\000o\000c\000u\000m\000e\000n\000t\000a\000t\000i\000o\000n}{section.4.4}% 47
\BOOKMARK [3][-]{subsubsection.4.4.4.1}{\376\377\000l\000i\000c\000z\000n\000i\000k}{subsection.4.4.4}% 48
\BOOKMARK [3][-]{subsubsection.4.4.4.2}{\376\377\000p\000r\000z\000o\000d}{subsection.4.4.4}% 49
\BOOKMARK [3][-]{subsubsection.4.4.4.3}{\376\377\000t\000y\000l}{subsection.4.4.4}% 50
\BOOKMARK [1][-]{section.4.5}{\376\377\000k\000o\000l\000e\000j\000k\000a\000\137\000t\000a\000b\000l\000i\000c\000a\000\040\000C\000l\000a\000s\000s\000\040\000R\000e\000f\000e\000r\000e\000n\000c\000e}{chapter.4}% 51
\BOOKMARK [2][-]{subsection.4.5.1}{\376\377\000D\000e\000t\000a\000i\000l\000e\000d\000\040\000D\000e\000s\000c\000r\000i\000p\000t\000i\000o\000n}{section.4.5}% 52
\BOOKMARK [2][-]{subsection.4.5.2}{\376\377\000C\000o\000n\000s\000t\000r\000u\000c\000t\000o\000r\000\040\000\046\000\040\000D\000e\000s\000t\000r\000u\000c\000t\000o\000r\000\040\000D\000o\000c\000u\000m\000e\000n\000t\000a\000t\000i\000o\000n}{section.4.5}% 53
\BOOKMARK [3][-]{subsubsection.4.5.2.1}{\376\377\000k\000o\000l\000e\000j\000k\000a\000\137\000t\000a\000b\000l\000i\000c\000a}{subsection.4.5.2}% 54
\BOOKMARK [3][-]{subsubsection.4.5.2.2}{\376\377\000k\000o\000l\000e\000j\000k\000a\000\137\000t\000a\000b\000l\000i\000c\000a}{subsection.4.5.2}% 55
\BOOKMARK [2][-]{subsection.4.5.3}{\376\377\000M\000e\000m\000b\000e\000r\000\040\000F\000u\000n\000c\000t\000i\000o\000n\000\040\000D\000o\000c\000u\000m\000e\000n\000t\000a\000t\000i\000o\000n}{section.4.5}% 56
\BOOKMARK [3][-]{subsubsection.4.5.3.1}{\376\377\000i\000s\000E\000m\000p\000t\000y}{subsection.4.5.3}% 57
\BOOKMARK [3][-]{subsubsection.4.5.3.2}{\376\377\000p\000o\000k\000a\000z\000\137\000e\000l\000e\000m\000e\000n\000t\000y}{subsection.4.5.3}% 58
\BOOKMARK [3][-]{subsubsection.4.5.3.3}{\376\377\000p\000o\000p}{subsection.4.5.3}% 59
\BOOKMARK [3][-]{subsubsection.4.5.3.4}{\376\377\000p\000u\000s\000h}{subsection.4.5.3}% 60
\BOOKMARK [3][-]{subsubsection.4.5.3.5}{\376\377\000p\000u\000s\000h\000x\0002}{subsection.4.5.3}% 61
\BOOKMARK [3][-]{subsubsection.4.5.3.6}{\376\377\000s\000i\000z\000e}{subsection.4.5.3}% 62
\BOOKMARK [3][-]{subsubsection.4.5.3.7}{\376\377\000w\000c\000z\000y\000t\000a\000j\000\137\000d\000a\000n\000e}{subsection.4.5.3}% 63
\BOOKMARK [3][-]{subsubsection.4.5.3.8}{\376\377\000w\000c\000z\000y\000t\000a\000j\000\137\000d\000a\000n\000e}{subsection.4.5.3}% 64
\BOOKMARK [3][-]{subsubsection.4.5.3.9}{\376\377\000w\000c\000z\000y\000t\000a\000j\000\137\000d\000a\000n\000e\000x\0002}{subsection.4.5.3}% 65
\BOOKMARK [2][-]{subsection.4.5.4}{\376\377\000M\000e\000m\000b\000e\000r\000\040\000D\000a\000t\000a\000\040\000D\000o\000c\000u\000m\000e\000n\000t\000a\000t\000i\000o\000n}{section.4.5}% 66
\BOOKMARK [3][-]{subsubsection.4.5.4.1}{\376\377\000d\000a\000n\000e}{subsection.4.5.4}% 67
\BOOKMARK [3][-]{subsubsection.4.5.4.2}{\376\377\000d\000a\000n\000e\000t\000m\000p}{subsection.4.5.4}% 68
\BOOKMARK [3][-]{subsubsection.4.5.4.3}{\376\377\000r\000o\000z\000m\000i\000a\000r}{subsection.4.5.4}% 69
\BOOKMARK [3][-]{subsubsection.4.5.4.4}{\376\377\000s\000p\000r}{subsection.4.5.4}% 70
\BOOKMARK [1][-]{section.4.6}{\376\377\000s\000t\000o\000s\000\137\000l\000i\000s\000t\000a\000\040\000C\000l\000a\000s\000s\000\040\000R\000e\000f\000e\000r\000e\000n\000c\000e}{chapter.4}% 71
\BOOKMARK [2][-]{subsection.4.6.1}{\376\377\000D\000e\000t\000a\000i\000l\000e\000d\000\040\000D\000e\000s\000c\000r\000i\000p\000t\000i\000o\000n}{section.4.6}% 72
\BOOKMARK [2][-]{subsection.4.6.2}{\376\377\000C\000o\000n\000s\000t\000r\000u\000c\000t\000o\000r\000\040\000\046\000\040\000D\000e\000s\000t\000r\000u\000c\000t\000o\000r\000\040\000D\000o\000c\000u\000m\000e\000n\000t\000a\000t\000i\000o\000n}{section.4.6}% 73
\BOOKMARK [3][-]{subsubsection.4.6.2.1}{\376\377\000s\000t\000o\000s\000\137\000l\000i\000s\000t\000a}{subsection.4.6.2}% 74
\BOOKMARK [3][-]{subsubsection.4.6.2.2}{\376\377\000s\000t\000o\000s\000\137\000l\000i\000s\000t\000a}{subsection.4.6.2}% 75
\BOOKMARK [2][-]{subsection.4.6.3}{\376\377\000M\000e\000m\000b\000e\000r\000\040\000F\000u\000n\000c\000t\000i\000o\000n\000\040\000D\000o\000c\000u\000m\000e\000n\000t\000a\000t\000i\000o\000n}{section.4.6}% 76
\BOOKMARK [3][-]{subsubsection.4.6.3.1}{\376\377\000d\000o\000d\000a\000j\000\137\000e\000l\000e\000m\000e\000n\000t}{subsection.4.6.3}% 77
\BOOKMARK [3][-]{subsubsection.4.6.3.2}{\376\377\000i\000s\000e\000m\000p\000t\000y}{subsection.4.6.3}% 78
\BOOKMARK [3][-]{subsubsection.4.6.3.3}{\376\377\000p\000o\000k\000a\000z\000\137\000e\000l\000e\000m\000e\000n\000t\000y}{subsection.4.6.3}% 79
\BOOKMARK [3][-]{subsubsection.4.6.3.4}{\376\377\000p\000o\000p}{subsection.4.6.3}% 80
\BOOKMARK [3][-]{subsubsection.4.6.3.5}{\376\377\000p\000u\000s\000h}{subsection.4.6.3}% 81
\BOOKMARK [3][-]{subsubsection.4.6.3.6}{\376\377\000s\000i\000z\000e}{subsection.4.6.3}% 82
\BOOKMARK [3][-]{subsubsection.4.6.3.7}{\376\377\000w\000c\000z\000y\000t\000a\000j\000\137\000d\000a\000n\000e}{subsection.4.6.3}% 83
\BOOKMARK [3][-]{subsubsection.4.6.3.8}{\376\377\000w\000c\000z\000y\000t\000a\000j\000\137\000d\000a\000n\000e}{subsection.4.6.3}% 84
\BOOKMARK [2][-]{subsection.4.6.4}{\376\377\000M\000e\000m\000b\000e\000r\000\040\000D\000a\000t\000a\000\040\000D\000o\000c\000u\000m\000e\000n\000t\000a\000t\000i\000o\000n}{section.4.6}% 85
\BOOKMARK [3][-]{subsubsection.4.6.4.1}{\376\377\000l\000i\000c\000z\000n\000i\000k}{subsection.4.6.4}% 86
\BOOKMARK [3][-]{subsubsection.4.6.4.2}{\376\377\000p\000r\000z\000o\000d}{subsection.4.6.4}% 87
\BOOKMARK [3][-]{subsubsection.4.6.4.3}{\376\377\000t\000y\000l}{subsection.4.6.4}% 88
\BOOKMARK [1][-]{section.4.7}{\376\377\000s\000t\000o\000s\000\137\000t\000a\000b\000l\000i\000c\000a\000\040\000C\000l\000a\000s\000s\000\040\000R\000e\000f\000e\000r\000e\000n\000c\000e}{chapter.4}% 89
\BOOKMARK [2][-]{subsection.4.7.1}{\376\377\000D\000e\000t\000a\000i\000l\000e\000d\000\040\000D\000e\000s\000c\000r\000i\000p\000t\000i\000o\000n}{section.4.7}% 90
\BOOKMARK [2][-]{subsection.4.7.2}{\376\377\000C\000o\000n\000s\000t\000r\000u\000c\000t\000o\000r\000\040\000\046\000\040\000D\000e\000s\000t\000r\000u\000c\000t\000o\000r\000\040\000D\000o\000c\000u\000m\000e\000n\000t\000a\000t\000i\000o\000n}{section.4.7}% 91
\BOOKMARK [3][-]{subsubsection.4.7.2.1}{\376\377\000s\000t\000o\000s\000\137\000t\000a\000b\000l\000i\000c\000a}{subsection.4.7.2}% 92
\BOOKMARK [3][-]{subsubsection.4.7.2.2}{\376\377\000s\000t\000o\000s\000\137\000t\000a\000b\000l\000i\000c\000a}{subsection.4.7.2}% 93
\BOOKMARK [2][-]{subsection.4.7.3}{\376\377\000M\000e\000m\000b\000e\000r\000\040\000F\000u\000n\000c\000t\000i\000o\000n\000\040\000D\000o\000c\000u\000m\000e\000n\000t\000a\000t\000i\000o\000n}{section.4.7}% 94
\BOOKMARK [3][-]{subsubsection.4.7.3.1}{\376\377\000i\000s\000E\000m\000p\000t\000y}{subsection.4.7.3}% 95
\BOOKMARK [3][-]{subsubsection.4.7.3.2}{\376\377\000p\000o\000k\000a\000z\000\137\000e\000l\000e\000m\000e\000n\000t\000y}{subsection.4.7.3}% 96
\BOOKMARK [3][-]{subsubsection.4.7.3.3}{\376\377\000p\000o\000p}{subsection.4.7.3}% 97
\BOOKMARK [3][-]{subsubsection.4.7.3.4}{\376\377\000p\000u\000s\000h}{subsection.4.7.3}% 98
\BOOKMARK [3][-]{subsubsection.4.7.3.5}{\376\377\000p\000u\000s\000h\000x\0002}{subsection.4.7.3}% 99
\BOOKMARK [3][-]{subsubsection.4.7.3.6}{\376\377\000s\000i\000z\000e}{subsection.4.7.3}% 100
\BOOKMARK [3][-]{subsubsection.4.7.3.7}{\376\377\000w\000c\000z\000y\000t\000a\000j\000\137\000d\000a\000n\000e}{subsection.4.7.3}% 101
\BOOKMARK [3][-]{subsubsection.4.7.3.8}{\376\377\000w\000c\000z\000y\000t\000a\000j\000\137\000d\000a\000n\000e}{subsection.4.7.3}% 102
\BOOKMARK [3][-]{subsubsection.4.7.3.9}{\376\377\000w\000c\000z\000y\000t\000a\000j\000\137\000d\000a\000n\000e\000x\0002}{subsection.4.7.3}% 103
\BOOKMARK [2][-]{subsection.4.7.4}{\376\377\000M\000e\000m\000b\000e\000r\000\040\000D\000a\000t\000a\000\040\000D\000o\000c\000u\000m\000e\000n\000t\000a\000t\000i\000o\000n}{section.4.7}% 104
\BOOKMARK [3][-]{subsubsection.4.7.4.1}{\376\377\000d\000a\000n\000e}{subsection.4.7.4}% 105
\BOOKMARK [3][-]{subsubsection.4.7.4.2}{\376\377\000d\000a\000n\000e\000t\000m\000p}{subsection.4.7.4}% 106
\BOOKMARK [3][-]{subsubsection.4.7.4.3}{\376\377\000r\000o\000z\000m\000i\000a\000r}{subsection.4.7.4}% 107
\BOOKMARK [3][-]{subsubsection.4.7.4.4}{\376\377\000s\000p\000r}{subsection.4.7.4}% 108
\BOOKMARK [0][-]{chapter.5}{\376\377\000F\000i\000l\000e\000\040\000D\000o\000c\000u\000m\000e\000n\000t\000a\000t\000i\000o\000n}{}% 109
\BOOKMARK [1][-]{section.5.1}{\376\377\000/\000h\000o\000m\000e\000/\000p\000a\000w\000e\000l\000/\000D\000o\000k\000u\000m\000e\000n\000t\000y\000/\000p\000r\000o\000g\000r\000a\000m\000o\000w\000a\000n\000i\000e\000/\000p\000a\000m\000s\000i\000/\000z\000a\000d\0003\000/\000p\000r\000j\000/\000d\000o\000c\000/\000p\000a\000g\000e\000s\000/\000s\000t\000r\000o\000n\000a\000.\000d\000o\000x\000\040\000F\000i\000l\000e\000\040\000R\000e\000f\000e\000r\000e\000n\000c\000e}{chapter.5}% 110
\BOOKMARK [1][-]{section.5.2}{\376\377\000/\000h\000o\000m\000e\000/\000p\000a\000w\000e\000l\000/\000D\000o\000k\000u\000m\000e\000n\000t\000y\000/\000p\000r\000o\000g\000r\000a\000m\000o\000w\000a\000n\000i\000e\000/\000p\000a\000m\000s\000i\000/\000z\000a\000d\0003\000/\000p\000r\000j\000/\000i\000n\000c\000/\000b\000e\000n\000c\000h\000m\000a\000r\000k\000.\000h\000h\000\040\000F\000i\000l\000e\000\040\000R\000e\000f\000e\000r\000e\000n\000c\000e}{chapter.5}% 111
\BOOKMARK [2][-]{subsection.5.2.1}{\376\377\000D\000e\000t\000a\000i\000l\000e\000d\000\040\000D\000e\000s\000c\000r\000i\000p\000t\000i\000o\000n}{section.5.2}% 112
\BOOKMARK [1][-]{section.5.3}{\376\377\000/\000h\000o\000m\000e\000/\000p\000a\000w\000e\000l\000/\000D\000o\000k\000u\000m\000e\000n\000t\000y\000/\000p\000r\000o\000g\000r\000a\000m\000o\000w\000a\000n\000i\000e\000/\000p\000a\000m\000s\000i\000/\000z\000a\000d\0003\000/\000p\000r\000j\000/\000i\000n\000c\000/\000k\000o\000l\000e\000j\000k\000a\000\137\000l\000i\000s\000t\000a\000.\000h\000h\000\040\000F\000i\000l\000e\000\040\000R\000e\000f\000e\000r\000e\000n\000c\000e}{chapter.5}% 113
\BOOKMARK [2][-]{subsection.5.3.1}{\376\377\000D\000e\000t\000a\000i\000l\000e\000d\000\040\000D\000e\000s\000c\000r\000i\000p\000t\000i\000o\000n}{section.5.3}% 114
\BOOKMARK [1][-]{section.5.4}{\376\377\000/\000h\000o\000m\000e\000/\000p\000a\000w\000e\000l\000/\000D\000o\000k\000u\000m\000e\000n\000t\000y\000/\000p\000r\000o\000g\000r\000a\000m\000o\000w\000a\000n\000i\000e\000/\000p\000a\000m\000s\000i\000/\000z\000a\000d\0003\000/\000p\000r\000j\000/\000i\000n\000c\000/\000k\000o\000l\000e\000j\000k\000a\000\137\000t\000a\000b\000l\000i\000c\000a\000.\000h\000h\000\040\000F\000i\000l\000e\000\040\000R\000e\000f\000e\000r\000e\000n\000c\000e}{chapter.5}% 115
\BOOKMARK [2][-]{subsection.5.4.1}{\376\377\000D\000e\000t\000a\000i\000l\000e\000d\000\040\000D\000e\000s\000c\000r\000i\000p\000t\000i\000o\000n}{section.5.4}% 116
\BOOKMARK [1][-]{section.5.5}{\376\377\000/\000h\000o\000m\000e\000/\000p\000a\000w\000e\000l\000/\000D\000o\000k\000u\000m\000e\000n\000t\000y\000/\000p\000r\000o\000g\000r\000a\000m\000o\000w\000a\000n\000i\000e\000/\000p\000a\000m\000s\000i\000/\000z\000a\000d\0003\000/\000p\000r\000j\000/\000i\000n\000c\000/\000s\000t\000o\000s\000\137\000l\000i\000s\000t\000a\000.\000h\000h\000\040\000F\000i\000l\000e\000\040\000R\000e\000f\000e\000r\000e\000n\000c\000e}{chapter.5}% 117
\BOOKMARK [2][-]{subsection.5.5.1}{\376\377\000D\000e\000t\000a\000i\000l\000e\000d\000\040\000D\000e\000s\000c\000r\000i\000p\000t\000i\000o\000n}{section.5.5}% 118
\BOOKMARK [1][-]{section.5.6}{\376\377\000/\000h\000o\000m\000e\000/\000p\000a\000w\000e\000l\000/\000D\000o\000k\000u\000m\000e\000n\000t\000y\000/\000p\000r\000o\000g\000r\000a\000m\000o\000w\000a\000n\000i\000e\000/\000p\000a\000m\000s\000i\000/\000z\000a\000d\0003\000/\000p\000r\000j\000/\000i\000n\000c\000/\000s\000t\000o\000s\000\137\000t\000a\000b\000l\000i\000c\000a\000.\000h\000h\000\040\000F\000i\000l\000e\000\040\000R\000e\000f\000e\000r\000e\000n\000c\000e}{chapter.5}% 119
\BOOKMARK [2][-]{subsection.5.6.1}{\376\377\000D\000e\000t\000a\000i\000l\000e\000d\000\040\000D\000e\000s\000c\000r\000i\000p\000t\000i\000o\000n}{section.5.6}% 120
\BOOKMARK [1][-]{section.5.7}{\376\377\000/\000h\000o\000m\000e\000/\000p\000a\000w\000e\000l\000/\000D\000o\000k\000u\000m\000e\000n\000t\000y\000/\000p\000r\000o\000g\000r\000a\000m\000o\000w\000a\000n\000i\000e\000/\000p\000a\000m\000s\000i\000/\000z\000a\000d\0003\000/\000p\000r\000j\000/\000s\000r\000c\000/\000b\000e\000n\000c\000h\000m\000a\000r\000k\000.\000c\000p\000p\000\040\000F\000i\000l\000e\000\040\000R\000e\000f\000e\000r\000e\000n\000c\000e}{chapter.5}% 121
\BOOKMARK [2][-]{subsection.5.7.1}{\376\377\000D\000e\000t\000a\000i\000l\000e\000d\000\040\000D\000e\000s\000c\000r\000i\000p\000t\000i\000o\000n}{section.5.7}% 122
\BOOKMARK [1][-]{section.5.8}{\376\377\000/\000h\000o\000m\000e\000/\000p\000a\000w\000e\000l\000/\000D\000o\000k\000u\000m\000e\000n\000t\000y\000/\000p\000r\000o\000g\000r\000a\000m\000o\000w\000a\000n\000i\000e\000/\000p\000a\000m\000s\000i\000/\000z\000a\000d\0003\000/\000p\000r\000j\000/\000s\000r\000c\000/\000k\000o\000l\000e\000j\000k\000a\000\137\000l\000i\000s\000t\000a\000.\000c\000p\000p\000\040\000F\000i\000l\000e\000\040\000R\000e\000f\000e\000r\000e\000n\000c\000e}{chapter.5}% 123
\BOOKMARK [1][-]{section.5.9}{\376\377\000/\000h\000o\000m\000e\000/\000p\000a\000w\000e\000l\000/\000D\000o\000k\000u\000m\000e\000n\000t\000y\000/\000p\000r\000o\000g\000r\000a\000m\000o\000w\000a\000n\000i\000e\000/\000p\000a\000m\000s\000i\000/\000z\000a\000d\0003\000/\000p\000r\000j\000/\000s\000r\000c\000/\000k\000o\000l\000e\000j\000k\000a\000\137\000t\000a\000b\000l\000i\000c\000a\000.\000c\000p\000p\000\040\000F\000i\000l\000e\000\040\000R\000e\000f\000e\000r\000e\000n\000c\000e}{chapter.5}% 124
\BOOKMARK [1][-]{section.5.10}{\376\377\000/\000h\000o\000m\000e\000/\000p\000a\000w\000e\000l\000/\000D\000o\000k\000u\000m\000e\000n\000t\000y\000/\000p\000r\000o\000g\000r\000a\000m\000o\000w\000a\000n\000i\000e\000/\000p\000a\000m\000s\000i\000/\000z\000a\000d\0003\000/\000p\000r\000j\000/\000s\000r\000c\000/\000m\000a\000i\000n\000.\000c\000p\000p\000\040\000F\000i\000l\000e\000\040\000R\000e\000f\000e\000r\000e\000n\000c\000e}{chapter.5}% 125
\BOOKMARK [2][-]{subsection.5.10.1}{\376\377\000D\000e\000t\000a\000i\000l\000e\000d\000\040\000D\000e\000s\000c\000r\000i\000p\000t\000i\000o\000n}{section.5.10}% 126
\BOOKMARK [2][-]{subsection.5.10.2}{\376\377\000F\000u\000n\000c\000t\000i\000o\000n\000\040\000D\000o\000c\000u\000m\000e\000n\000t\000a\000t\000i\000o\000n}{section.5.10}% 127
\BOOKMARK [3][-]{subsubsection.5.10.2.1}{\376\377\000m\000a\000i\000n}{subsection.5.10.2}% 128
\BOOKMARK [1][-]{section.5.11}{\376\377\000/\000h\000o\000m\000e\000/\000p\000a\000w\000e\000l\000/\000D\000o\000k\000u\000m\000e\000n\000t\000y\000/\000p\000r\000o\000g\000r\000a\000m\000o\000w\000a\000n\000i\000e\000/\000p\000a\000m\000s\000i\000/\000z\000a\000d\0003\000/\000p\000r\000j\000/\000s\000r\000c\000/\000s\000t\000o\000s\000\137\000l\000i\000s\000t\000a\000.\000c\000p\000p\000\040\000F\000i\000l\000e\000\040\000R\000e\000f\000e\000r\000e\000n\000c\000e}{chapter.5}% 129
\BOOKMARK [1][-]{section.5.12}{\376\377\000/\000h\000o\000m\000e\000/\000p\000a\000w\000e\000l\000/\000D\000o\000k\000u\000m\000e\000n\000t\000y\000/\000p\000r\000o\000g\000r\000a\000m\000o\000w\000a\000n\000i\000e\000/\000p\000a\000m\000s\000i\000/\000z\000a\000d\0003\000/\000p\000r\000j\000/\000s\000r\000c\000/\000s\000t\000o\000s\000\137\000t\000a\000b\000l\000i\000c\000a\000.\000c\000p\000p\000\040\000F\000i\000l\000e\000\040\000R\000e\000f\000e\000r\000e\000n\000c\000e}{chapter.5}% 130
\BOOKMARK [-1][-]{section*.20}{\376\377\000I\000n\000d\000e\000x}{}% 131
